
Copyright (C) 1994-2018 Synopsys, Inc.
This Synopsys software and all associated documentation are proprietary to Synopsys, Inc.
and may only be used pursuant to the terms and conditions of a written license agreement
with Synopsys, Inc. All other use, reproduction, modification, or distribution of the
Synopsys software or the associated documentation is strictly prohibited.
Tool: Synplify Pro (R)
Build: N-2018.03L-SP1-1
Install: /usr/local/diamond/3.11_x64/synpbase
OS: CentOS Linux 7 (Core)
Hostname: d7680e9ed44f

Implementation : impl1

# Written on Wed Feb 10 17:46:53 2021

##### DESIGN INFO #######################################################

Top View:                "TOP_LEVEL"
Constraint File(s):      (none)




##### SUMMARY ############################################################

Found 0 issues in 0 out of 0 constraints


##### DETAILS ############################################################



Clock Relationships
*******************

Starting           Ending             |     rise to rise     |     fall to fall     |     rise to fall     |     fall to rise                     
-------------------------------------------------------------------------------------------------------------------------------------------------
TOP_LEVEL|ODCK     TOP_LEVEL|ODCK     |     5.000            |     No paths         |     No paths         |     No paths                         
=================================================================================================================================================
 Note: 'No paths' indicates there are no paths in the design for that pair of clock edges.
       'Diff grp' indicates that paths exist but the starting clock and ending clock are in different clock groups.


Unconstrained Start/End Points
******************************

p:DE
p:Hblank[0]
p:Hblank[1]
p:Hblank[2]
p:Hblank[3]
p:Hblank[4]
p:Hblank[5]
p:Hblank[6]
p:Hblank[7]
p:Hblank[8]
p:Hblank[9]
p:Hblank[10]
p:Hblank[11]
p:Hblank[12]
p:Hblank[13]
p:Hblank[14]
p:Hblank[15]
p:Hdisp[0]
p:Hdisp[1]
p:Hdisp[2]
p:Hdisp[3]
p:Hdisp[4]
p:Hdisp[5]
p:Hdisp[6]
p:Hdisp[7]
p:Hdisp[8]
p:Hdisp[9]
p:Hdisp[10]
p:Hdisp[11]
p:Hdisp[12]
p:Hdisp[13]
p:Hdisp[14]
p:Hdisp[15]
p:Hsync
p:Vblank[0]
p:Vblank[1]
p:Vblank[2]
p:Vblank[3]
p:Vblank[4]
p:Vblank[5]
p:Vblank[6]
p:Vblank[7]
p:Vblank[8]
p:Vblank[9]
p:Vblank[10]
p:Vblank[11]
p:Vblank[12]
p:Vblank[13]
p:Vblank[14]
p:Vblank[15]
p:Vdisp[0]
p:Vdisp[1]
p:Vdisp[2]
p:Vdisp[3]
p:Vdisp[4]
p:Vdisp[5]
p:Vdisp[6]
p:Vdisp[7]
p:Vdisp[8]
p:Vdisp[9]
p:Vdisp[10]
p:Vdisp[11]
p:Vdisp[12]
p:Vdisp[13]
p:Vdisp[14]
p:Vdisp[15]
p:Vsync


Inapplicable constraints
************************

(none)


Applicable constraints with issues
**********************************

(none)


Constraints with matching wildcard expressions
**********************************************

(none)


Library Report
**************


# End of Constraint Checker Report
