--------------------------------------------------------------------------------
Lattice Synthesis Timing Report, Version  
Mon Mar 29 18:33:38 2021

Copyright (c) 1991-1994 by NeoCAD Inc. All rights reserved.
Copyright (c) 1995 AT&T Corp.   All rights reserved.
Copyright (c) 1995-2001 Lucent Technologies Inc.  All rights reserved.
Copyright (c) 2001 Agere Systems   All rights reserved.
Copyright (c) 2002-2020 Lattice Semiconductor Corporation,  All rights reserved.

Report Information
------------------
Design:     test_DVI
Constraint file:  
Report level:    verbose report, limited to 3 items per constraint
--------------------------------------------------------------------------------



================================================================================
Constraint: create_clock -period 5.000000 -name clk0 [get_nets ODCK_c]
            215 items scored, 12 timing errors detected.
--------------------------------------------------------------------------------


Error:  The following path violates requirements by 0.531ns

 Logical Details:  Cell type  Pin type       Cell name  (clock net +/-)

   Source:         FD1P3IX    CK             sig_compt_front_Hsync_156__i3  (from ODCK_c +)
   Destination:    FD1P3IX    SP             out_comp_89  (to ODCK_c +)

   Delay:                   5.228ns  (15.9% logic, 84.1% route), 4 logic levels.

 Constraint Details:

      5.228ns data_path sig_compt_front_Hsync_156__i3 to out_comp_89 violates
      5.000ns delay constraint less
      0.303ns LCE_S requirement (totaling 4.697ns) by 0.531ns

 Path Details: sig_compt_front_Hsync_156__i3 to out_comp_89

   Name    Fanout   Delay (ns)          Pins               Resource(Cell.Net)
L_CO        ---     0.301             CK to Q              sig_compt_front_Hsync_156__i3 (from ODCK_c)
Route         3   e 1.339                                  sig_compt_front_Hsync[3]
LUT4        ---     0.176              A to Z              i11_4_lut
Route         1   e 1.020                                  n28_adj_65
LUT4        ---     0.176              B to Z              i14_4_lut
Route         1   e 1.020                                  n31
LUT4        ---     0.176              A to Z              i16_4_lut
Route         1   e 1.020                                  ODCK_c_enable_96
                  --------
                    5.228  (15.9% logic, 84.1% route), 4 logic levels.


Error:  The following path violates requirements by 0.531ns

 Logical Details:  Cell type  Pin type       Cell name  (clock net +/-)

   Source:         FD1P3IX    CK             sig_compt_front_Hsync_156__i6  (from ODCK_c +)
   Destination:    FD1P3IX    SP             out_comp_89  (to ODCK_c +)

   Delay:                   5.228ns  (15.9% logic, 84.1% route), 4 logic levels.

 Constraint Details:

      5.228ns data_path sig_compt_front_Hsync_156__i6 to out_comp_89 violates
      5.000ns delay constraint less
      0.303ns LCE_S requirement (totaling 4.697ns) by 0.531ns

 Path Details: sig_compt_front_Hsync_156__i6 to out_comp_89

   Name    Fanout   Delay (ns)          Pins               Resource(Cell.Net)
L_CO        ---     0.301             CK to Q              sig_compt_front_Hsync_156__i6 (from ODCK_c)
Route         3   e 1.339                                  sig_compt_front_Hsync[6]
LUT4        ---     0.176              D to Z              i11_4_lut
Route         1   e 1.020                                  n28_adj_65
LUT4        ---     0.176              B to Z              i14_4_lut
Route         1   e 1.020                                  n31
LUT4        ---     0.176              A to Z              i16_4_lut
Route         1   e 1.020                                  ODCK_c_enable_96
                  --------
                    5.228  (15.9% logic, 84.1% route), 4 logic levels.


Error:  The following path violates requirements by 0.531ns

 Logical Details:  Cell type  Pin type       Cell name  (clock net +/-)

   Source:         FD1P3IX    CK             sig_compt_front_Hsync_156__i8  (from ODCK_c +)
   Destination:    FD1P3IX    SP             out_comp_89  (to ODCK_c +)

   Delay:                   5.228ns  (15.9% logic, 84.1% route), 4 logic levels.

 Constraint Details:

      5.228ns data_path sig_compt_front_Hsync_156__i8 to out_comp_89 violates
      5.000ns delay constraint less
      0.303ns LCE_S requirement (totaling 4.697ns) by 0.531ns

 Path Details: sig_compt_front_Hsync_156__i8 to out_comp_89

   Name    Fanout   Delay (ns)          Pins               Resource(Cell.Net)
L_CO        ---     0.301             CK to Q              sig_compt_front_Hsync_156__i8 (from ODCK_c)
Route         3   e 1.339                                  sig_compt_front_Hsync[8]
LUT4        ---     0.176              B to Z              i3_2_lut
Route         1   e 1.020                                  n20
LUT4        ---     0.176              C to Z              i14_4_lut
Route         1   e 1.020                                  n31
LUT4        ---     0.176              A to Z              i16_4_lut
Route         1   e 1.020                                  ODCK_c_enable_96
                  --------
                    5.228  (15.9% logic, 84.1% route), 4 logic levels.

Warning: 5.531 ns is the maximum delay for this constraint.


Timing Report Summary
--------------
--------------------------------------------------------------------------------
Constraint                              |   Constraint|       Actual|Levels
--------------------------------------------------------------------------------
                                        |             |             |
create_clock -period 5.000000 -name     |             |             |
clk0 [get_nets ODCK_c]                  |     5.000 ns|     5.531 ns|     4 *
                                        |             |             |
--------------------------------------------------------------------------------


1 constraints not met.

--------------------------------------------------------------------------------
Critical Nets                           |   Loads|  Errors| % of total
--------------------------------------------------------------------------------
ODCK_c_enable_96                        |       1|       6|     50.00%
                                        |        |        |
n30                                     |       1|       6|     50.00%
                                        |        |        |
n31                                     |       1|       6|     50.00%
                                        |        |        |
out_comp_N_378                          |       1|       6|     50.00%
                                        |        |        |
n28                                     |       1|       4|     33.33%
                                        |        |        |
n28_adj_65                              |       1|       4|     33.33%
                                        |        |        |
n20                                     |       1|       2|     16.67%
                                        |        |        |
n22                                     |       1|       2|     16.67%
                                        |        |        |
--------------------------------------------------------------------------------


Timing summary:
---------------

Timing errors: 12  Score: 4992

Constraints cover  1211 paths, 305 nets, and 567 connections (68.6% coverage)


Peak memory: 316919808 bytes, TRCE: 0 bytes, DLYMAN: 0 bytes
CPU_TIME_REPORT: 0 secs 
