
Copyright (C) 1994-2018 Synopsys, Inc.
This Synopsys software and all associated documentation are proprietary to Synopsys, Inc.
and may only be used pursuant to the terms and conditions of a written license agreement
with Synopsys, Inc. All other use, reproduction, modification, or distribution of the
Synopsys software or the associated documentation is strictly prohibited.
Tool: Synplify Pro (R)
Build: N-2018.03L-SP1-1
Install: /usr/local/diamond/3.11_x64/synpbase
OS: CentOS Linux 7 (Core)
Hostname: 15acaac0c3d8

Implementation : impl1
Synopsys HDL compiler and linker, Version comp2018q2p1, Build 461R, Built Apr  1 2019 09:26:38

Modified Files: 1
FID:  path (prevtimestamp, timestamp)
0        /home/diamond/SharedFolder/SDI2/TOP_LEVEL/TOP_LEVEL.vhd (2021-01-24 17:31:13, 2021-01-24 17:35:33)

*******************************************************************
Modules that may have changed as a result of file changes: 0
MID:  lib.cell.view

*******************************************************************
Unmodified files: 15
FID:  path (timestamp)
11       /home/diamond/SharedFolder/SDI2/PCS_IP.vhd (2021-01-23 00:37:11)
14       /home/diamond/SharedFolder/SDI2/PLL_IP.vhd (2021-01-24 17:32:22)
15       /home/diamond/SharedFolder/SDI2/TOP_LEVEL/divFreq.vhd (2021-01-24 17:22:46)
12       /home/diamond/SharedFolder/SDI2/sdi_eval/SDI_IP/src/rtl/top/ecp3/SDI_IP_top.vhd (2021-01-23 00:35:08)
1        /usr/local/diamond/3.11_x64/cae_library/synthesis/vhdl/ecp3.vhd (2018-11-15 08:32:17)
2        /usr/local/diamond/3.11_x64/synpbase/lib/vhd/arith.vhd (2019-04-01 16:18:47)
3        /usr/local/diamond/3.11_x64/synpbase/lib/vhd/hyperents.vhd (2019-04-01 16:18:47)
4        /usr/local/diamond/3.11_x64/synpbase/lib/vhd/location.map (2020-08-06 10:30:17)
5        /usr/local/diamond/3.11_x64/synpbase/lib/vhd/numeric.vhd (2019-04-01 16:18:47)
6        /usr/local/diamond/3.11_x64/synpbase/lib/vhd/snps_haps_pkg.vhd (2019-04-01 16:18:47)
7        /usr/local/diamond/3.11_x64/synpbase/lib/vhd/std.vhd (2019-04-01 16:18:47)
8        /usr/local/diamond/3.11_x64/synpbase/lib/vhd/std1164.vhd (2019-04-01 16:18:47)
13       /usr/local/diamond/3.11_x64/synpbase/lib/vhd/std_textio.vhd (2019-04-01 16:18:47)
9        /usr/local/diamond/3.11_x64/synpbase/lib/vhd/umr_capim.vhd (2019-04-01 16:18:47)
10       /usr/local/diamond/3.11_x64/synpbase/lib/vhd/unsigned.vhd (2019-04-01 16:18:47)

*******************************************************************
Unchanged modules: 0
MID:  lib.cell.view
