
Copyright (C) 1994-2018 Synopsys, Inc.
This Synopsys software and all associated documentation are proprietary to Synopsys, Inc.
and may only be used pursuant to the terms and conditions of a written license agreement
with Synopsys, Inc. All other use, reproduction, modification, or distribution of the
Synopsys software or the associated documentation is strictly prohibited.
Tool: Synplify Pro (R)
Build: N-2018.03L-SP1-1
Install: /usr/local/diamond/3.11_x64/synpbase
OS: CentOS Linux 7 (Core)
Hostname: d7680e9ed44f

Implementation : impl1
Synopsys HDL compiler and linker, Version comp2018q2p1, Build 461R, Built Apr  1 2019 09:26:38

Modified Files: 11
FID:  path (prevtimestamp, timestamp)
0        /home/diamond/SharedFolder/DiamondProjFolder/DVI/TOP_LEVEL.vhd (N/A, 2021-02-10 16:21:11)
1        /usr/local/diamond/3.11_x64/cae_library/synthesis/vhdl/ecp3.vhd (N/A, 2018-11-15 08:32:17)
2        /usr/local/diamond/3.11_x64/synpbase/lib/vhd/arith.vhd (N/A, 2019-04-01 16:18:47)
3        /usr/local/diamond/3.11_x64/synpbase/lib/vhd/hyperents.vhd (N/A, 2019-04-01 16:18:47)
4        /usr/local/diamond/3.11_x64/synpbase/lib/vhd/location.map (N/A, 2020-08-06 10:30:17)
5        /usr/local/diamond/3.11_x64/synpbase/lib/vhd/numeric.vhd (N/A, 2019-04-01 16:18:47)
6        /usr/local/diamond/3.11_x64/synpbase/lib/vhd/snps_haps_pkg.vhd (N/A, 2019-04-01 16:18:47)
7        /usr/local/diamond/3.11_x64/synpbase/lib/vhd/std.vhd (N/A, 2019-04-01 16:18:47)
8        /usr/local/diamond/3.11_x64/synpbase/lib/vhd/std1164.vhd (N/A, 2019-04-01 16:18:47)
9        /usr/local/diamond/3.11_x64/synpbase/lib/vhd/umr_capim.vhd (N/A, 2019-04-01 16:18:47)
10       /usr/local/diamond/3.11_x64/synpbase/lib/vhd/unsigned.vhd (N/A, 2019-04-01 16:18:47)

*******************************************************************
Modules that may have changed as a result of file changes: 1
MID:  lib.cell.view
0        work.top_level.arc may have changed because the following files changed:
                        /home/diamond/SharedFolder/DiamondProjFolder/DVI/TOP_LEVEL.vhd (N/A, 2021-02-10 16:21:11) <-- (architecture and entity definition)

*******************************************************************
Unmodified files: 0
FID:  path (timestamp)

*******************************************************************
Unchanged modules: 0
MID:  lib.cell.view
