Starting process: IPCFG

GenerateCore within package Core_Generate 1.0.0 in file LatticeIP_generate.tcl
Starting process: '"C:/lscc/diamond/3.12/bin/nt64/synpwrap" -rem -e SDI_IP -target lattice-ecp3'

End process: completed successfully.

Starting process: '"C:/lscc/diamond/3.12/ispfpga/bin/nt64/edif2ngd" -ip "C:/LatticeCore/tri_rate_sdi_phy_v1.4/lib/../.." -ic tri_rate_sdi_phy_v1.4 -nopropwarn -l latticeecp3 "../syn_results/SDI_IP.edi" "SDI_IP.ngo"'
edif2ngd:  version Diamond (64-bit) 3.12.0.240.2

Copyright (c) 1991-1994 by NeoCAD Inc. All rights reserved.
Copyright (c) 1995 AT&T Corp.   All rights reserved.
Copyright (c) 1995-2001 Lucent Technologies Inc.  All rights reserved.
Copyright (c) 2001 Agere Systems   All rights reserved.
Copyright (c) 2002-2020 Lattice Semiconductor Corporation,  All rights reserved.
No device specified. Will use default.

Writing the design to SDI_IP.ngo...

Generating edif netlist for IP cell pmi_distributed_dpramebnoner16416pb3e1501.edn


C:\Users\cypri\OneDrive\Documents\GIT\PGE\10_FPGA_ANALYSE\SDI2\SDI_IP_tmp>"C:/lscc/diamond/3.12/ispfpga/bin/nt64/scuba" -w -bus_exp 7 -bb -arch ep5c00 -type sdpram -num_rows 16 -data_width 16 -pipe_final_output  -memformat bin -n pmi_distributed_dpramEbnoner16416pb3e1501 -pmi 
Writing the design to pmi_distributed_dpramEbnoner16416pb3e1501.ngo...

Generating edif netlist for IP cell pmi_distributed_dpramebnoner13416pb3e07b7.edn


C:\Users\cypri\OneDrive\Documents\GIT\PGE\10_FPGA_ANALYSE\SDI2\SDI_IP_tmp>"C:/lscc/diamond/3.12/ispfpga/bin/nt64/scuba" -w -bus_exp 7 -bb -arch ep5c00 -type sdpram -num_rows 16 -data_width 13 -pipe_final_output  -memformat bin -n pmi_distributed_dpramEbnoner13416pb3e07b7 -pmi 
Writing the design to pmi_distributed_dpramEbnoner13416pb3e07b7.ngo...

Generating edif netlist for IP cell pmi_distributed_dpramebnoner13416pb3e07b7_0.edn


C:\Users\cypri\OneDrive\Documents\GIT\PGE\10_FPGA_ANALYSE\SDI2\SDI_IP_tmp>"C:/lscc/diamond/3.12/ispfpga/bin/nt64/scuba" -w -bus_exp 7 -bb -arch ep5c00 -type sdpram -num_rows 16 -data_width 13 -pipe_final_output  -memformat bin -n pmi_distributed_dpramEbnoner13416pb3e07b7_0 -pmi 
Writing the design to pmi_distributed_dpramEbnoner13416pb3e07b7_0.ngo...

Generating edif netlist for IP cell pmi_distributed_dpramebnoner10416pb3dfa6d.edn


C:\Users\cypri\OneDrive\Documents\GIT\PGE\10_FPGA_ANALYSE\SDI2\SDI_IP_tmp>"C:/lscc/diamond/3.12/ispfpga/bin/nt64/scuba" -w -bus_exp 7 -bb -arch ep5c00 -type sdpram -num_rows 16 -data_width 10 -pipe_final_output  -memformat bin -n pmi_distributed_dpramEbnoner10416pb3dfa6d -pmi 
Writing the design to pmi_distributed_dpramEbnoner10416pb3dfa6d.ngo...

Generating edif netlist for IP cell pmi_distributed_dpramebnoner10416pb3dfa6d_0.edn


C:\Users\cypri\OneDrive\Documents\GIT\PGE\10_FPGA_ANALYSE\SDI2\SDI_IP_tmp>"C:/lscc/diamond/3.12/ispfpga/bin/nt64/scuba" -w -bus_exp 7 -bb -arch ep5c00 -type sdpram -num_rows 16 -data_width 10 -pipe_final_output  -memformat bin -n pmi_distributed_dpramEbnoner10416pb3dfa6d_0 -pmi 
Writing the design to pmi_distributed_dpramEbnoner10416pb3dfa6d_0.ngo...

Total CPU Time: 0 secs  
Total REAL Time: 0 secs  
Peak Memory Usage: 17 MB


End process: completed successfully.

=============================================================================
Filelist generated by IPexpress    01/25/2021    16:50:13          
Filename: SDI_IP_filelist.log                                         
Copyright(c) 2007 Lattice Semiconductor Corporation. All rights reserved.   
=============================================================================
-----------------------------------------------------------------------------
Basic IP Core Files
Output Directory: C:/Users/cypri/OneDrive/Documents/GIT/PGE/10_FPGA_ANALYSE/SDI2 
-----------------------------------------------------------------------------
  SDI_IP.lpc
      : IP ispLEVER LPC File
  SDI_IP.ngo
      : IP ispLEVER Database File
  SDI_IP_bb.v
      : IP Verilog Blackbox Module
  SDI_IP_inst.v
      : IP Verilog Instantiation Template
  SDI_IP_beh.v
      : IP Verilog Behavioral Sim Model
  SDI_IP_gen.log
      : IP Status Log
  SDI_IP_generate.log
      : IP Generate Log
-----------------------------------------------------------------------------
Supplemental Implementation and Simulation Files:

Testbench files common to all Tri-rate SDI PHY configurations
    ../sdi_eval/testbench/sdi_tb.v 

Models common to all Tri-rate SDI PHY configurations 
    ../sdi_eval/models/ecp3 

Evaluation source files specific to SDI_IP configuration
    ../sdi_eval/SDI_IP/src/rtl/top/ecp3 
    ../sdi_eval/SDI_IP/src/rtl/templates/ecp3 
    ../sdi_eval/SDI_IP/src/params 
    ../sdi_eval/SDI_IP/src/beh_rtl/ecp3 

Simulation files specific to SDI_IP configuration
    ../sdi_eval/SDI_IP/sim/modelsim 

Implementation files specific to SDI_IP configuration
    ../sdi_eval/SDI_IP/impl 

Total Warnings:  0


Total Errors:  0



